Doing cocycle DGLCo_5_11·39_23·43_40.sobj...
Computing DGLCo_5_11·39_23·43_40.sobj 5,1,smallCM...
Skipping DGLCo_5_11·39_23·43_40.sobj 5,1,smallCM...(It seems that there is no optimal embedding of O_c into Gamma_0(2))
Computing DGLCo_5_11·39_23·43_40.sobj 5,1,smallRM...
Skipping DGLCo_5_11·39_23·43_40.sobj 5,1,smallRM...(It seems that there is no optimal embedding of O_c into Gamma_0(2))
Computing DGLCo_5_11·39_23·43_40.sobj 5,1,bigRM...
Skipping DGLCo_5_11·39_23·43_40.sobj 5,1,bigRM...(No bigRM cycle computed for discriminant 5)
Computing DGLCo_5_11·39_23·43_40.sobj 8,1,smallCM...
Computed Jtau for DGLCo_5_11·39_23·43_40.sobj 8 1 smallCM.
Computing DGLCo_5_11·39_23·43_40.sobj 8,1,smallRM...
Computed Jtau for DGLCo_5_11·39_23·43_40.sobj 8 1 smallRM.
Computing DGLCo_5_11·39_23·43_40.sobj 8,1,bigRM...
Skipping DGLCo_5_11·39_23·43_40.sobj 8,1,bigRM...(No bigRM cycle computed for discriminant 8)
Computing DGLCo_5_11·39_23·43_40.sobj 12,1,smallCM...
Computed Jtau for DGLCo_5_11·39_23·43_40.sobj 12 1 smallCM.
Computing DGLCo_5_11·39_23·43_40.sobj 12,1,smallRM...
Computed Jtau for DGLCo_5_11·39_23·43_40.sobj 12 1 smallRM.
Computing DGLCo_5_11·39_23·43_40.sobj 12,1,bigRM...
Skipping DGLCo_5_11·39_23·43_40.sobj 12,1,bigRM...(No bigRM cycle computed for discriminant 12)
Computing DGLCo_5_11·39_23·43_40.sobj 13,1,smallCM...
Skipping DGLCo_5_11·39_23·43_40.sobj 13,1,smallCM...(It seems that there is no optimal embedding of O_c into Gamma_0(2))
Computing DGLCo_5_11·39_23·43_40.sobj 13,1,smallRM...
Skipping DGLCo_5_11·39_23·43_40.sobj 13,1,smallRM...(It seems that there is no optimal embedding of O_c into Gamma_0(2))
Computing DGLCo_5_11·39_23·43_40.sobj 13,1,bigRM...
Skipping DGLCo_5_11·39_23·43_40.sobj 13,1,bigRM...(No bigRM cycle computed for discriminant 13)
Computing DGLCo_5_11·39_23·43_40.sobj 17,1,smallCM...
Skipping DGLCo_5_11·39_23·43_40.sobj 17,1,smallCM...(cannot divide by something indistinguishable from zero)
Computing DGLCo_5_11·39_23·43_40.sobj 17,1,smallRM...
Computed Jtau for DGLCo_5_11·39_23·43_40.sobj 17 1 smallRM.
Computing DGLCo_5_11·39_23·43_40.sobj 17,1,bigRM...
Skipping DGLCo_5_11·39_23·43_40.sobj 17,1,bigRM...(No bigRM cycle computed for discriminant 17)
Computing DGLCo_5_11·39_23·43_40.sobj 21,1,smallCM...
Skipping DGLCo_5_11·39_23·43_40.sobj 21,1,smallCM...(It seems that there is no optimal embedding of O_c into Gamma_0(2))
Computing DGLCo_5_11·39_23·43_40.sobj 21,1,smallRM...
Skipping DGLCo_5_11·39_23·43_40.sobj 21,1,smallRM...(It seems that there is no optimal embedding of O_c into Gamma_0(2))
Computing DGLCo_5_11·39_23·43_40.sobj 21,1,bigRM...
Skipping DGLCo_5_11·39_23·43_40.sobj 21,1,bigRM...(No bigRM cycle computed for discriminant 21)
Computing DGLCo_5_11·39_23·43_40.sobj 24,1,smallCM...
Skipping DGLCo_5_11·39_23·43_40.sobj 24,1,smallCM...(Tuple (D, alpha) = (24, None) is not admissible for smallCM cycle: the resulting tau is not in Hp.)
Computing DGLCo_5_11·39_23·43_40.sobj 24,1,smallRM...
Skipping DGLCo_5_11·39_23·43_40.sobj 24,1,smallRM...(Tuple (D, alpha) = (24, None) is not admissible for smallRM cycle: the resulting tau is not in Hp.)
Computing DGLCo_5_11·39_23·43_40.sobj 24,1,bigRM...
Skipping DGLCo_5_11·39_23·43_40.sobj 24,1,bigRM...(No bigRM cycle computed for discriminant 24)
Computing DGLCo_5_11·39_23·43_40.sobj 28,1,smallCM...
Computed Jtau for DGLCo_5_11·39_23·43_40.sobj 28 1 smallCM.
Computing DGLCo_5_11·39_23·43_40.sobj 28,1,smallRM...
Computed Jtau for DGLCo_5_11·39_23·43_40.sobj 28 1 smallRM.
Computing DGLCo_5_11·39_23·43_40.sobj 28,1,bigRM...
Skipping DGLCo_5_11·39_23·43_40.sobj 28,1,bigRM...(No bigRM cycle computed for discriminant 28)
Computing DGLCo_5_11·39_23·43_40.sobj 29,1,smallCM...
Skipping DGLCo_5_11·39_23·43_40.sobj 29,1,smallCM...(It seems that there is no optimal embedding of O_c into Gamma_0(2))
Computing DGLCo_5_11·39_23·43_40.sobj 29,1,smallRM...
Skipping DGLCo_5_11·39_23·43_40.sobj 29,1,smallRM...(It seems that there is no optimal embedding of O_c into Gamma_0(2))
Computing DGLCo_5_11·39_23·43_40.sobj 29,1,bigRM...
Skipping DGLCo_5_11·39_23·43_40.sobj 29,1,bigRM...(No bigRM cycle computed for discriminant 29)
Computing DGLCo_5_11·39_23·43_40.sobj 33,1,smallCM...
Computed Jtau for DGLCo_5_11·39_23·43_40.sobj 33 1 smallCM.
Computing DGLCo_5_11·39_23·43_40.sobj 33,1,smallRM...
Computed Jtau for DGLCo_5_11·39_23·43_40.sobj 33 1 smallRM.
Computing DGLCo_5_11·39_23·43_40.sobj 33,1,bigRM...
Skipping DGLCo_5_11·39_23·43_40.sobj 33,1,bigRM...(No bigRM cycle computed for discriminant 33)
Computing DGLCo_5_11·39_23·43_40.sobj 37,1,smallCM...
Skipping DGLCo_5_11·39_23·43_40.sobj 37,1,smallCM...(It seems that there is no optimal embedding of O_c into Gamma_0(2))
Computing DGLCo_5_11·39_23·43_40.sobj 37,1,smallRM...
Skipping DGLCo_5_11·39_23·43_40.sobj 37,1,smallRM...(It seems that there is no optimal embedding of O_c into Gamma_0(2))
Computing DGLCo_5_11·39_23·43_40.sobj 37,1,bigRM...
Skipping DGLCo_5_11·39_23·43_40.sobj 37,1,bigRM...(No bigRM cycle computed for discriminant 37)
Computing DGLCo_5_11·39_23·43_40.sobj 40,1,smallCM...
Skipping DGLCo_5_11·39_23·43_40.sobj 40,1,smallCM...(Not a square)
Computing DGLCo_5_11·39_23·43_40.sobj 40,1,smallRM...
Skipping DGLCo_5_11·39_23·43_40.sobj 40,1,smallRM...(Not a square)
Computing DGLCo_5_11·39_23·43_40.sobj 40,1,bigRM...
Skipping DGLCo_5_11·39_23·43_40.sobj 40,1,bigRM...(No bigRM cycle computed for discriminant 40)
Computing DGLCo_5_11·39_23·43_40.sobj 41,1,smallCM...
Skipping DGLCo_5_11·39_23·43_40.sobj 41,1,smallCM...(Tuple (D, alpha) = (41, None) is not admissible for smallCM cycle: the resulting tau is not in Hp.)
Computing DGLCo_5_11·39_23·43_40.sobj 41,1,smallRM...
Skipping DGLCo_5_11·39_23·43_40.sobj 41,1,smallRM...(Tuple (D, alpha) = (41, None) is not admissible for smallRM cycle: the resulting tau is not in Hp.)
Computing DGLCo_5_11·39_23·43_40.sobj 41,1,bigRM...
Doing cocycle DGLCo_5_11·39_23·43_40.sobj...
Computing DGLCo_5_11·39_23·43_40.sobj 5,1,smallCM...
Skipping DGLCo_5_11·39_23·43_40.sobj 5,1,smallCM...(It seems that there is no optimal embedding of O_c into Gamma_0(2))
Computing DGLCo_5_11·39_23·43_40.sobj 5,1,smallRM...
Skipping DGLCo_5_11·39_23·43_40.sobj 5,1,smallRM...(It seems that there is no optimal embedding of O_c into Gamma_0(2))
Computing DGLCo_5_11·39_23·43_40.sobj 5,1,bigRM...
Skipping DGLCo_5_11·39_23·43_40.sobj 5,1,bigRM...(No bigRM cycle computed for discriminant 5)
Computing DGLCo_5_11·39_23·43_40.sobj 8,1,smallCM...
Computed Jtau for DGLCo_5_11·39_23·43_40.sobj 8 1 smallCM.
Computing DGLCo_5_11·39_23·43_40.sobj 8,1,smallRM...
Computed Jtau for DGLCo_5_11·39_23·43_40.sobj 8 1 smallRM.
Computing DGLCo_5_11·39_23·43_40.sobj 8,1,bigRM...
Skipping DGLCo_5_11·39_23·43_40.sobj 8,1,bigRM...(No bigRM cycle computed for discriminant 8)
Computing DGLCo_5_11·39_23·43_40.sobj 12,1,smallCM...
Computed Jtau for DGLCo_5_11·39_23·43_40.sobj 12 1 smallCM.
Computing DGLCo_5_11·39_23·43_40.sobj 12,1,smallRM...
Computed Jtau for DGLCo_5_11·39_23·43_40.sobj 12 1 smallRM.
Computing DGLCo_5_11·39_23·43_40.sobj 12,1,bigRM...
Skipping DGLCo_5_11·39_23·43_40.sobj 12,1,bigRM...(No bigRM cycle computed for discriminant 12)
Computing DGLCo_5_11·39_23·43_40.sobj 13,1,smallCM...
Skipping DGLCo_5_11·39_23·43_40.sobj 13,1,smallCM...(It seems that there is no optimal embedding of O_c into Gamma_0(2))
Computing DGLCo_5_11·39_23·43_40.sobj 13,1,smallRM...
Skipping DGLCo_5_11·39_23·43_40.sobj 13,1,smallRM...(It seems that there is no optimal embedding of O_c into Gamma_0(2))
Computing DGLCo_5_11·39_23·43_40.sobj 13,1,bigRM...
Skipping DGLCo_5_11·39_23·43_40.sobj 13,1,bigRM...(No bigRM cycle computed for discriminant 13)
Computing DGLCo_5_11·39_23·43_40.sobj 17,1,smallCM...
Skipping DGLCo_5_11·39_23·43_40.sobj 17,1,smallCM...(cannot divide by something indistinguishable from zero)
Computing DGLCo_5_11·39_23·43_40.sobj 17,1,smallRM...
Computed Jtau for DGLCo_5_11·39_23·43_40.sobj 17 1 smallRM.
Computing DGLCo_5_11·39_23·43_40.sobj 17,1,bigRM...
Skipping DGLCo_5_11·39_23·43_40.sobj 17,1,bigRM...(No bigRM cycle computed for discriminant 17)
Computing DGLCo_5_11·39_23·43_40.sobj 21,1,smallCM...
Skipping DGLCo_5_11·39_23·43_40.sobj 21,1,smallCM...(It seems that there is no optimal embedding of O_c into Gamma_0(2))
Computing DGLCo_5_11·39_23·43_40.sobj 21,1,smallRM...
Skipping DGLCo_5_11·39_23·43_40.sobj 21,1,smallRM...(It seems that there is no optimal embedding of O_c into Gamma_0(2))
Computing DGLCo_5_11·39_23·43_40.sobj 21,1,bigRM...
Skipping DGLCo_5_11·39_23·43_40.sobj 21,1,bigRM...(No bigRM cycle computed for discriminant 21)
Computing DGLCo_5_11·39_23·43_40.sobj 24,1,smallCM...
Skipping DGLCo_5_11·39_23·43_40.sobj 24,1,smallCM...(Tuple (D, alpha) = (24, None) is not admissible for smallCM cycle: the resulting tau is not in Hp.)
Computing DGLCo_5_11·39_23·43_40.sobj 24,1,smallRM...
Skipping DGLCo_5_11·39_23·43_40.sobj 24,1,smallRM...(Tuple (D, alpha) = (24, None) is not admissible for smallRM cycle: the resulting tau is not in Hp.)
Computing DGLCo_5_11·39_23·43_40.sobj 24,1,bigRM...
Skipping DGLCo_5_11·39_23·43_40.sobj 24,1,bigRM...(No bigRM cycle computed for discriminant 24)
Computing DGLCo_5_11·39_23·43_40.sobj 28,1,smallCM...
Computed Jtau for DGLCo_5_11·39_23·43_40.sobj 28 1 smallCM.
Computing DGLCo_5_11·39_23·43_40.sobj 28,1,smallRM...
Computed Jtau for DGLCo_5_11·39_23·43_40.sobj 28 1 smallRM.
Computing DGLCo_5_11·39_23·43_40.sobj 28,1,bigRM...
Skipping DGLCo_5_11·39_23·43_40.sobj 28,1,bigRM...(No bigRM cycle computed for discriminant 28)
Computing DGLCo_5_11·39_23·43_40.sobj 29,1,smallCM...
Skipping DGLCo_5_11·39_23·43_40.sobj 29,1,smallCM...(It seems that there is no optimal embedding of O_c into Gamma_0(2))
Computing DGLCo_5_11·39_23·43_40.sobj 29,1,smallRM...
Skipping DGLCo_5_11·39_23·43_40.sobj 29,1,smallRM...(It seems that there is no optimal embedding of O_c into Gamma_0(2))
Computing DGLCo_5_11·39_23·43_40.sobj 29,1,bigRM...
Skipping DGLCo_5_11·39_23·43_40.sobj 29,1,bigRM...(No bigRM cycle computed for discriminant 29)
Computing DGLCo_5_11·39_23·43_40.sobj 33,1,smallCM...
Computed Jtau for DGLCo_5_11·39_23·43_40.sobj 33 1 smallCM.
Computing DGLCo_5_11·39_23·43_40.sobj 33,1,smallRM...
Computed Jtau for DGLCo_5_11·39_23·43_40.sobj 33 1 smallRM.
Computing DGLCo_5_11·39_23·43_40.sobj 33,1,bigRM...
Skipping DGLCo_5_11·39_23·43_40.sobj 33,1,bigRM...(No bigRM cycle computed for discriminant 33)
Computing DGLCo_5_11·39_23·43_40.sobj 37,1,smallCM...
Skipping DGLCo_5_11·39_23·43_40.sobj 37,1,smallCM...(It seems that there is no optimal embedding of O_c into Gamma_0(2))
Computing DGLCo_5_11·39_23·43_40.sobj 37,1,smallRM...
Skipping DGLCo_5_11·39_23·43_40.sobj 37,1,smallRM...(It seems that there is no optimal embedding of O_c into Gamma_0(2))
Computing DGLCo_5_11·39_23·43_40.sobj 37,1,bigRM...
Skipping DGLCo_5_11·39_23·43_40.sobj 37,1,bigRM...(No bigRM cycle computed for discriminant 37)
Computing DGLCo_5_11·39_23·43_40.sobj 40,1,smallCM...
Skipping DGLCo_5_11·39_23·43_40.sobj 40,1,smallCM...(Not a square)
Computing DGLCo_5_11·39_23·43_40.sobj 40,1,smallRM...
Skipping DGLCo_5_11·39_23·43_40.sobj 40,1,smallRM...(Not a square)
Computing DGLCo_5_11·39_23·43_40.sobj 40,1,bigRM...
Skipping DGLCo_5_11·39_23·43_40.sobj 40,1,bigRM...(No bigRM cycle computed for discriminant 40)
Computing DGLCo_5_11·39_23·43_40.sobj 41,1,smallCM...
Skipping DGLCo_5_11·39_23·43_40.sobj 41,1,smallCM...(Tuple (D, alpha) = (41, None) is not admissible for smallCM cycle: the resulting tau is not in Hp.)
Computing DGLCo_5_11·39_23·43_40.sobj 41,1,smallRM...
Skipping DGLCo_5_11·39_23·43_40.sobj 41,1,smallRM...(Tuple (D, alpha) = (41, None) is not admissible for smallRM cycle: the resulting tau is not in Hp.)
Computing DGLCo_5_11·39_23·43_40.sobj 41,1,bigRM...
Skipping DGLCo_5_11·39_23·43_40.sobj 41,1,bigRM...(No bigRM cycle computed for discriminant 41 (IndexError...))
Computing DGLCo_5_11·39_23·43_40.sobj 44,1,smallCM...
Skipping DGLCo_5_11·39_23·43_40.sobj 44,1,smallCM...(Tuple (D, alpha) = (44, None) is not admissible for smallCM cycle: the resulting tau is not in Hp.)
Computing DGLCo_5_11·39_23·43_40.sobj 44,1,smallRM...
Skipping DGLCo_5_11·39_23·43_40.sobj 44,1,smallRM...(Tuple (D, alpha) = (44, None) is not admissible for smallRM cycle: the resulting tau is not in Hp.)
Computing DGLCo_5_11·39_23·43_40.sobj 44,1,bigRM...
Skipping DGLCo_5_11·39_23·43_40.sobj 44,1,bigRM...(No bigRM cycle computed for discriminant 44)
Computing DGLCo_5_11·39_23·43_40.sobj 53,1,smallCM...
Skipping DGLCo_5_11·39_23·43_40.sobj 53,1,smallCM...(It seems that there is no optimal embedding of O_c into Gamma_0(2))
Computing DGLCo_5_11·39_23·43_40.sobj 53,1,smallRM...
Skipping DGLCo_5_11·39_23·43_40.sobj 53,1,smallRM...(It seems that there is no optimal embedding of O_c into Gamma_0(2))
Computing DGLCo_5_11·39_23·43_40.sobj 53,1,bigRM...
Skipping DGLCo_5_11·39_23·43_40.sobj 53,1,bigRM...(No bigRM cycle computed for discriminant 53)
Computing DGLCo_5_11·39_23·43_40.sobj 56,1,smallCM...
Skipping DGLCo_5_11·39_23·43_40.sobj 56,1,smallCM...(Tuple (D, alpha) = (56, None) is not admissible for smallCM cycle: the resulting tau is not in Hp.)
Computing DGLCo_5_11·39_23·43_40.sobj 56,1,smallRM...
Skipping DGLCo_5_11·39_23·43_40.sobj 56,1,smallRM...(Tuple (D, alpha) = (56, None) is not admissible for smallRM cycle: the resulting tau is not in Hp.)
Computing DGLCo_5_11·39_23·43_40.sobj 56,1,bigRM...
Skipping DGLCo_5_11·39_23·43_40.sobj 56,1,bigRM...(No bigRM cycle computed for discriminant 56)
Computing DGLCo_5_11·39_23·43_40.sobj 57,1,smallCM...
Skipping DGLCo_5_11·39_23·43_40.sobj 57,1,smallCM...(cannot divide by something indistinguishable from zero)
Computing DGLCo_5_11·39_23·43_40.sobj 57,1,smallRM...
Computed Jtau for DGLCo_5_11·39_23·43_40.sobj 57 1 smallRM.
Computing DGLCo_5_11·39_23·43_40.sobj 57,1,bigRM...
Skipping DGLCo_5_11·39_23·43_40.sobj 57,1,bigRM...(No bigRM cycle computed for discriminant 57)
Computing DGLCo_5_11·39_23·43_40.sobj 60,1,smallCM...
Skipping DGLCo_5_11·39_23·43_40.sobj 60,1,smallCM...(Not a square)
Computing DGLCo_5_11·39_23·43_40.sobj 60,1,smallRM...
Skipping DGLCo_5_11·39_23·43_40.sobj 60,1,smallRM...(Not a square)
Computing DGLCo_5_11·39_23·43_40.sobj 60,1,bigRM...
Skipping DGLCo_5_11·39_23·43_40.sobj 60,1,bigRM...(No bigRM cycle computed for discriminant 60)
Computing DGLCo_5_11·39_23·43_40.sobj 61,1,smallCM...
Skipping DGLCo_5_11·39_23·43_40.sobj 61,1,smallCM...(It seems that there is no optimal embedding of O_c into Gamma_0(2))
Computing DGLCo_5_11·39_23·43_40.sobj 61,1,smallRM...
Skipping DGLCo_5_11·39_23·43_40.sobj 61,1,smallRM...(It seems that there is no optimal embedding of O_c into Gamma_0(2))
Computing DGLCo_5_11·39_23·43_40.sobj 61,1,bigRM...
Skipping DGLCo_5_11·39_23·43_40.sobj 61,1,bigRM...(No bigRM cycle computed for discriminant 61)
Computing DGLCo_5_11·39_23·43_40.sobj 65,1,smallCM...
Skipping DGLCo_5_11·39_23·43_40.sobj 65,1,smallCM...(Not a square)
Computing DGLCo_5_11·39_23·43_40.sobj 65,1,smallRM...
Skipping DGLCo_5_11·39_23·43_40.sobj 65,1,smallRM...(Not a square)
Computing DGLCo_5_11·39_23·43_40.sobj 65,1,bigRM...
Skipping DGLCo_5_11·39_23·43_40.sobj 65,1,bigRM...(No bigRM cycle computed for discriminant 65)
Computing DGLCo_5_11·39_23·43_40.sobj 69,1,smallCM...
Skipping DGLCo_5_11·39_23·43_40.sobj 69,1,smallCM...(It seems that there is no optimal embedding of O_c into Gamma_0(2))
Computing DGLCo_5_11·39_23·43_40.sobj 69,1,smallRM...
Skipping DGLCo_5_11·39_23·43_40.sobj 69,1,smallRM...(It seems that there is no optimal embedding of O_c into Gamma_0(2))
Computing DGLCo_5_11·39_23·43_40.sobj 69,1,bigRM...
Skipping DGLCo_5_11·39_23·43_40.sobj 69,1,bigRM...(No bigRM cycle computed for discriminant 69)
Computing DGLCo_5_11·39_23·43_40.sobj 73,1,smallCM...
Skipping DGLCo_5_11·39_23·43_40.sobj 73,1,smallCM...(cannot divide by something indistinguishable from zero)
Computing DGLCo_5_11·39_23·43_40.sobj 73,1,smallRM...
Computed Jtau for DGLCo_5_11·39_23·43_40.sobj 73 1 smallRM.
Computing DGLCo_5_11·39_23·43_40.sobj 73,1,bigRM...
Skipping DGLCo_5_11·39_23·43_40.sobj 73,1,bigRM...(No bigRM cycle computed for discriminant 73)
Computing DGLCo_5_11·39_23·43_40.sobj 76,1,smallCM...
Skipping DGLCo_5_11·39_23·43_40.sobj 76,1,smallCM...(Tuple (D, alpha) = (76, None) is not admissible for smallCM cycle: the resulting tau is not in Hp.)
Computing DGLCo_5_11·39_23·43_40.sobj 76,1,smallRM...
Skipping DGLCo_5_11·39_23·43_40.sobj 76,1,smallRM...(Tuple (D, alpha) = (76, None) is not admissible for smallRM cycle: the resulting tau is not in Hp.)
Computing DGLCo_5_11·39_23·43_40.sobj 76,1,bigRM...
Skipping DGLCo_5_11·39_23·43_40.sobj 76,1,bigRM...(No bigRM cycle computed for discriminant 76)
Computing DGLCo_5_11·39_23·43_40.sobj 77,1,smallCM...
Skipping DGLCo_5_11·39_23·43_40.sobj 77,1,smallCM...(It seems that there is no optimal embedding of O_c into Gamma_0(2))
Computing DGLCo_5_11·39_23·43_40.sobj 77,1,smallRM...
Skipping DGLCo_5_11·39_23·43_40.sobj 77,1,smallRM...(It seems that there is no optimal embedding of O_c into Gamma_0(2))
Computing DGLCo_5_11·39_23·43_40.sobj 77,1,bigRM...
Skipping DGLCo_5_11·39_23·43_40.sobj 77,1,bigRM...(No bigRM cycle computed for discriminant 77)
Computing DGLCo_5_11·39_23·43_40.sobj 85,1,smallCM...
Skipping DGLCo_5_11·39_23·43_40.sobj 85,1,smallCM...(It seems that there is no optimal embedding of O_c into Gamma_0(2))
Computing DGLCo_5_11·39_23·43_40.sobj 85,1,smallRM...
Skipping DGLCo_5_11·39_23·43_40.sobj 85,1,smallRM...(It seems that there is no optimal embedding of O_c into Gamma_0(2))
Computing DGLCo_5_11·39_23·43_40.sobj 85,1,bigRM...
Skipping DGLCo_5_11·39_23·43_40.sobj 85,1,bigRM...(No bigRM cycle computed for discriminant 85)
Computing DGLCo_5_11·39_23·43_40.sobj 88,1,smallCM...
Computed Jtau for DGLCo_5_11·39_23·43_40.sobj 88 1 smallCM.
Computing DGLCo_5_11·39_23·43_40.sobj 88,1,smallRM...
Computed Jtau for DGLCo_5_11·39_23·43_40.sobj 88 1 smallRM.
Computing DGLCo_5_11·39_23·43_40.sobj 88,1,bigRM...
Skipping DGLCo_5_11·39_23·43_40.sobj 88,1,bigRM...(No bigRM cycle computed for discriminant 88)
Computing DGLCo_5_11·39_23·43_40.sobj 89,1,smallCM...
Skipping DGLCo_5_11·39_23·43_40.sobj 89,1,smallCM...(Tuple (D, alpha) = (89, None) is not admissible for smallCM cycle: the resulting tau is not in Hp.)
Computing DGLCo_5_11·39_23·43_40.sobj 89,1,smallRM...
Skipping DGLCo_5_11·39_23·43_40.sobj 89,1,smallRM...(Tuple (D, alpha) = (89, None) is not admissible for smallRM cycle: the resulting tau is not in Hp.)
Computing DGLCo_5_11·39_23·43_40.sobj 89,1,bigRM...
Skipping DGLCo_5_11·39_23·43_40.sobj 89,1,bigRM...(No bigRM cycle computed for discriminant 89)
Computing DGLCo_5_11·39_23·43_40.sobj 92,1,smallCM...
Computed Jtau for DGLCo_5_11·39_23·43_40.sobj 92 1 smallCM.
Computing DGLCo_5_11·39_23·43_40.sobj 92,1,smallRM...
Computed Jtau for DGLCo_5_11·39_23·43_40.sobj 92 1 smallRM.
Computing DGLCo_5_11·39_23·43_40.sobj 92,1,bigRM...
Skipping DGLCo_5_11·39_23·43_40.sobj 92,1,bigRM...(No bigRM cycle computed for discriminant 92)
Computing DGLCo_5_11·39_23·43_40.sobj 93,1,smallCM...
Skipping DGLCo_5_11·39_23·43_40.sobj 93,1,smallCM...(It seems that there is no optimal embedding of O_c into Gamma_0(2))
Computing DGLCo_5_11·39_23·43_40.sobj 93,1,smallRM...
Skipping DGLCo_5_11·39_23·43_40.sobj 93,1,smallRM...(It seems that there is no optimal embedding of O_c into Gamma_0(2))
Computing DGLCo_5_11·39_23·43_40.sobj 93,1,bigRM...
Skipping DGLCo_5_11·39_23·43_40.sobj 93,1,bigRM...(No bigRM cycle computed for discriminant 93)
Computing DGLCo_5_11·39_23·43_40.sobj 97,1,smallCM...
Skipping DGLCo_5_11·39_23·43_40.sobj 97,1,smallCM...(cannot divide by something indistinguishable from zero)
Computing DGLCo_5_11·39_23·43_40.sobj 97,1,smallRM...
Computed Jtau for DGLCo_5_11·39_23·43_40.sobj 97 1 smallRM.
Computing DGLCo_5_11·39_23·43_40.sobj 97,1,bigRM...
Skipping DGLCo_5_11·39_23·43_40.sobj 97,1,bigRM...(No bigRM cycle computed for discriminant 97)
Doing cocycle DGLCo_5_11·39_23·43_40.sobj...
Computing DGLCo_5_11·39_23·43_40.sobj 101,1,smallCM...
Skipping DGLCo_5_11·39_23·43_40.sobj 101,1,smallCM...(It seems that there is no optimal embedding of O_c into Gamma_0(2))
Computing DGLCo_5_11·39_23·43_40.sobj 101,1,smallRM...
Skipping DGLCo_5_11·39_23·43_40.sobj 101,1,smallRM...(It seems that there is no optimal embedding of O_c into Gamma_0(2))
Computing DGLCo_5_11·39_23·43_40.sobj 101,1,bigRM...
Skipping DGLCo_5_11·39_23·43_40.sobj 101,1,bigRM...(No bigRM cycle computed for discriminant 101)
Computing DGLCo_5_11·39_23·43_40.sobj 104,1,smallCM...
Skipping DGLCo_5_11·39_23·43_40.sobj 104,1,smallCM...(Tuple (D, alpha) = (104, None) is not admissible for smallCM cycle: the resulting tau is not in Hp.)
Computing DGLCo_5_11·39_23·43_40.sobj 104,1,smallRM...
Skipping DGLCo_5_11·39_23·43_40.sobj 104,1,smallRM...(Tuple (D, alpha) = (104, None) is not admissible for smallRM cycle: the resulting tau is not in Hp.)
Computing DGLCo_5_11·39_23·43_40.sobj 104,1,bigRM...
Skipping DGLCo_5_11·39_23·43_40.sobj 104,1,bigRM...(No bigRM cycle computed for discriminant 104)
Computing DGLCo_5_11·39_23·43_40.sobj 105,1,smallCM...
Skipping DGLCo_5_11·39_23·43_40.sobj 105,1,smallCM...(Not a square)
Computing DGLCo_5_11·39_23·43_40.sobj 105,1,smallRM...
Skipping DGLCo_5_11·39_23·43_40.sobj 105,1,smallRM...(Not a square)
Computing DGLCo_5_11·39_23·43_40.sobj 105,1,bigRM...
Skipping DGLCo_5_11·39_23·43_40.sobj 105,1,bigRM...(No bigRM cycle computed for discriminant 105)
Computing DGLCo_5_11·39_23·43_40.sobj 109,1,smallCM...
Skipping DGLCo_5_11·39_23·43_40.sobj 109,1,smallCM...(It seems that there is no optimal embedding of O_c into Gamma_0(2))
Computing DGLCo_5_11·39_23·43_40.sobj 109,1,smallRM...
Skipping DGLCo_5_11·39_23·43_40.sobj 109,1,smallRM...(It seems that there is no optimal embedding of O_c into Gamma_0(2))
Computing DGLCo_5_11·39_23·43_40.sobj 109,1,bigRM...
Skipping DGLCo_5_11·39_23·43_40.sobj 109,1,bigRM...(No bigRM cycle computed for discriminant 109)
Computing DGLCo_5_11·39_23·43_40.sobj 113,1,smallCM...
Skipping DGLCo_5_11·39_23·43_40.sobj 113,1,smallCM...(cannot divide by something indistinguishable from zero)
Computing DGLCo_5_11·39_23·43_40.sobj 113,1,smallRM...
Computed Jtau for DGLCo_5_11·39_23·43_40.sobj 113 1 smallRM.
Computing DGLCo_5_11·39_23·43_40.sobj 113,1,bigRM...
Skipping DGLCo_5_11·39_23·43_40.sobj 113,1,bigRM...(No bigRM cycle computed for discriminant 113 (IndexError...))
Computing DGLCo_5_11·39_23·43_40.sobj 120,1,smallCM...
Skipping DGLCo_5_11·39_23·43_40.sobj 120,1,smallCM...(Not a square)
Computing DGLCo_5_11·39_23·43_40.sobj 120,1,smallRM...
Skipping DGLCo_5_11·39_23·43_40.sobj 120,1,smallRM...(Not a square)
Computing DGLCo_5_11·39_23·43_40.sobj 120,1,bigRM...
Skipping DGLCo_5_11·39_23·43_40.sobj 120,1,bigRM...(No bigRM cycle computed for discriminant 120)
Computing DGLCo_5_11·39_23·43_40.sobj 124,1,smallCM...
Skipping DGLCo_5_11·39_23·43_40.sobj 124,1,smallCM...(Tuple (D, alpha) = (124, None) is not admissible for smallCM cycle: the resulting tau is not in Hp.)
Computing DGLCo_5_11·39_23·43_40.sobj 124,1,smallRM...
Skipping DGLCo_5_11·39_23·43_40.sobj 124,1,smallRM...(Tuple (D, alpha) = (124, None) is not admissible for smallRM cycle: the resulting tau is not in Hp.)
Computing DGLCo_5_11·39_23·43_40.sobj 124,1,bigRM...
Skipping DGLCo_5_11·39_23·43_40.sobj 124,1,bigRM...(No bigRM cycle computed for discriminant 124)
Computing DGLCo_5_11·39_23·43_40.sobj 129,1,smallCM...
Skipping DGLCo_5_11·39_23·43_40.sobj 129,1,smallCM...(Tuple (D, alpha) = (129, None) is not admissible for smallCM cycle: the resulting tau is not in Hp.)
Computing DGLCo_5_11·39_23·43_40.sobj 129,1,smallRM...
Skipping DGLCo_5_11·39_23·43_40.sobj 129,1,smallRM...(Tuple (D, alpha) = (129, None) is not admissible for smallRM cycle: the resulting tau is not in Hp.)
Computing DGLCo_5_11·39_23·43_40.sobj 129,1,bigRM...
Skipping DGLCo_5_11·39_23·43_40.sobj 129,1,bigRM...(No bigRM cycle computed for discriminant 129)
Computing DGLCo_5_11·39_23·43_40.sobj 133,1,smallCM...
Skipping DGLCo_5_11·39_23·43_40.sobj 133,1,smallCM...(It seems that there is no optimal embedding of O_c into Gamma_0(2))
Computing DGLCo_5_11·39_23·43_40.sobj 133,1,smallRM...
Skipping DGLCo_5_11·39_23·43_40.sobj 133,1,smallRM...(It seems that there is no optimal embedding of O_c into Gamma_0(2))
Computing DGLCo_5_11·39_23·43_40.sobj 133,1,bigRM...
Skipping DGLCo_5_11·39_23·43_40.sobj 133,1,bigRM...(No bigRM cycle computed for discriminant 133)
Computing DGLCo_5_11·39_23·43_40.sobj 136,1,smallCM...
Skipping DGLCo_5_11·39_23·43_40.sobj 136,1,smallCM...(Tuple (D, alpha) = (136, None) is not admissible for smallCM cycle: the resulting tau is not in Hp.)
Computing DGLCo_5_11·39_23·43_40.sobj 136,1,smallRM...
Skipping DGLCo_5_11·39_23·43_40.sobj 136,1,smallRM...(Tuple (D, alpha) = (136, None) is not admissible for smallRM cycle: the resulting tau is not in Hp.)
Computing DGLCo_5_11·39_23·43_40.sobj 136,1,bigRM...
Skipping DGLCo_5_11·39_23·43_40.sobj 136,1,bigRM...(No bigRM cycle computed for discriminant 136)
Computing DGLCo_5_11·39_23·43_40.sobj 137,1,smallCM...
Skipping DGLCo_5_11·39_23·43_40.sobj 137,1,smallCM...(cannot divide by something indistinguishable from zero)
Computing DGLCo_5_11·39_23·43_40.sobj 137,1,smallRM...
Computed Jtau for DGLCo_5_11·39_23·43_40.sobj 137 1 smallRM.
Computing DGLCo_5_11·39_23·43_40.sobj 137,1,bigRM...
Skipping DGLCo_5_11·39_23·43_40.sobj 137,1,bigRM...(No bigRM cycle computed for discriminant 137 (IndexError...))
Computing DGLCo_5_11·39_23·43_40.sobj 140,1,smallCM...
Skipping DGLCo_5_11·39_23·43_40.sobj 140,1,smallCM...(Not a square)
Computing DGLCo_5_11·39_23·43_40.sobj 140,1,smallRM...
Skipping DGLCo_5_11·39_23·43_40.sobj 140,1,smallRM...(Not a square)
Computing DGLCo_5_11·39_23·43_40.sobj 140,1,bigRM...
Skipping DGLCo_5_11·39_23·43_40.sobj 140,1,bigRM...(No bigRM cycle computed for discriminant 140)
Computing DGLCo_5_11·39_23·43_40.sobj 141,1,smallCM...
Skipping DGLCo_5_11·39_23·43_40.sobj 141,1,smallCM...(It seems that there is no optimal embedding of O_c into Gamma_0(2))
Computing DGLCo_5_11·39_23·43_40.sobj 141,1,smallRM...
Skipping DGLCo_5_11·39_23·43_40.sobj 141,1,smallRM...(It seems that there is no optimal embedding of O_c into Gamma_0(2))
Computing DGLCo_5_11·39_23·43_40.sobj 141,1,bigRM...
Skipping DGLCo_5_11·39_23·43_40.sobj 141,1,bigRM...(No bigRM cycle computed for discriminant 141)
Computing DGLCo_5_11·39_23·43_40.sobj 145,1,smallCM...
Skipping DGLCo_5_11·39_23·43_40.sobj 145,1,smallCM...(Not a square)
Computing DGLCo_5_11·39_23·43_40.sobj 145,1,smallRM...
Skipping DGLCo_5_11·39_23·43_40.sobj 145,1,smallRM...(Not a square)
Computing DGLCo_5_11·39_23·43_40.sobj 145,1,bigRM...
Skipping DGLCo_5_11·39_23·43_40.sobj 145,1,bigRM...(No bigRM cycle computed for discriminant 145)
Computing DGLCo_5_11·39_23·43_40.sobj 149,1,smallCM...
Skipping DGLCo_5_11·39_23·43_40.sobj 149,1,smallCM...(It seems that there is no optimal embedding of O_c into Gamma_0(2))
Computing DGLCo_5_11·39_23·43_40.sobj 149,1,smallRM...
Skipping DGLCo_5_11·39_23·43_40.sobj 149,1,smallRM...(It seems that there is no optimal embedding of O_c into Gamma_0(2))
Computing DGLCo_5_11·39_23·43_40.sobj 149,1,bigRM...
Skipping DGLCo_5_11·39_23·43_40.sobj 149,1,bigRM...(No bigRM cycle computed for discriminant 149)
Computing DGLCo_5_11·39_23·43_40.sobj 152,1,smallCM...
Computed Jtau for DGLCo_5_11·39_23·43_40.sobj 152 1 smallCM.
Computing DGLCo_5_11·39_23·43_40.sobj 152,1,smallRM...
Computed Jtau for DGLCo_5_11·39_23·43_40.sobj 152 1 smallRM.
Computing DGLCo_5_11·39_23·43_40.sobj 152,1,bigRM...
Skipping DGLCo_5_11·39_23·43_40.sobj 152,1,bigRM...(No bigRM cycle computed for discriminant 152)
Computing DGLCo_5_11·39_23·43_40.sobj 156,1,smallCM...
Skipping DGLCo_5_11·39_23·43_40.sobj 156,1,smallCM...(Tuple (D, alpha) = (156, None) is not admissible for smallCM cycle: the resulting tau is not in Hp.)
Computing DGLCo_5_11·39_23·43_40.sobj 156,1,smallRM...
Skipping DGLCo_5_11·39_23·43_40.sobj 156,1,smallRM...(Tuple (D, alpha) = (156, None) is not admissible for smallRM cycle: the resulting tau is not in Hp.)
Computing DGLCo_5_11·39_23·43_40.sobj 156,1,bigRM...
Skipping DGLCo_5_11·39_23·43_40.sobj 156,1,bigRM...(No bigRM cycle computed for discriminant 156)
Computing DGLCo_5_11·39_23·43_40.sobj 157,1,smallCM...
Skipping DGLCo_5_11·39_23·43_40.sobj 157,1,smallCM...(It seems that there is no optimal embedding of O_c into Gamma_0(2))
Computing DGLCo_5_11·39_23·43_40.sobj 157,1,smallRM...
Skipping DGLCo_5_11·39_23·43_40.sobj 157,1,smallRM...(It seems that there is no optimal embedding of O_c into Gamma_0(2))
Computing DGLCo_5_11·39_23·43_40.sobj 157,1,bigRM...
Skipping DGLCo_5_11·39_23·43_40.sobj 157,1,bigRM...(No bigRM cycle computed for discriminant 157)
Computing DGLCo_5_11·39_23·43_40.sobj 161,1,smallCM...
Skipping DGLCo_5_11·39_23·43_40.sobj 161,1,smallCM...(Tuple (D, alpha) = (161, None) is not admissible for smallCM cycle: the resulting tau is not in Hp.)
Computing DGLCo_5_11·39_23·43_40.sobj 161,1,smallRM...
Skipping DGLCo_5_11·39_23·43_40.sobj 161,1,smallRM...(Tuple (D, alpha) = (161, None) is not admissible for smallRM cycle: the resulting tau is not in Hp.)
Computing DGLCo_5_11·39_23·43_40.sobj 161,1,bigRM...
Skipping DGLCo_5_11·39_23·43_40.sobj 161,1,bigRM...(No bigRM cycle computed for discriminant 161)
Computing DGLCo_5_11·39_23·43_40.sobj 165,1,smallCM...
Skipping DGLCo_5_11·39_23·43_40.sobj 165,1,smallCM...(It seems that there is no optimal embedding of O_c into Gamma_0(2))
Computing DGLCo_5_11·39_23·43_40.sobj 165,1,smallRM...
Skipping DGLCo_5_11·39_23·43_40.sobj 165,1,smallRM...(It seems that there is no optimal embedding of O_c into Gamma_0(2))
Computing DGLCo_5_11·39_23·43_40.sobj 165,1,bigRM...
Skipping DGLCo_5_11·39_23·43_40.sobj 165,1,bigRM...(No bigRM cycle computed for discriminant 165)
Computing DGLCo_5_11·39_23·43_40.sobj 168,1,smallCM...
Computed Jtau for DGLCo_5_11·39_23·43_40.sobj 168 1 smallCM.
Computing DGLCo_5_11·39_23·43_40.sobj 168,1,smallRM...
Computed Jtau for DGLCo_5_11·39_23·43_40.sobj 168 1 smallRM.
Computing DGLCo_5_11·39_23·43_40.sobj 168,1,bigRM...
Skipping DGLCo_5_11·39_23·43_40.sobj 168,1,bigRM...(No bigRM cycle computed for discriminant 168)
Computing DGLCo_5_11·39_23·43_40.sobj 172,1,smallCM...
Computed Jtau for DGLCo_5_11·39_23·43_40.sobj 172 1 smallCM.
Computing DGLCo_5_11·39_23·43_40.sobj 172,1,smallRM...
Computed Jtau for DGLCo_5_11·39_23·43_40.sobj 172 1 smallRM.
Computing DGLCo_5_11·39_23·43_40.sobj 172,1,bigRM...
Skipping DGLCo_5_11·39_23·43_40.sobj 172,1,bigRM...(No bigRM cycle computed for discriminant 172)
Computing DGLCo_5_11·39_23·43_40.sobj 173,1,smallCM...
Skipping DGLCo_5_11·39_23·43_40.sobj 173,1,smallCM...(It seems that there is no optimal embedding of O_c into Gamma_0(2))
Computing DGLCo_5_11·39_23·43_40.sobj 173,1,smallRM...
Skipping DGLCo_5_11·39_23·43_40.sobj 173,1,smallRM...(It seems that there is no optimal embedding of O_c into Gamma_0(2))
Computing DGLCo_5_11·39_23·43_40.sobj 173,1,bigRM...
Skipping DGLCo_5_11·39_23·43_40.sobj 173,1,bigRM...(No bigRM cycle computed for discriminant 173)
Computing DGLCo_5_11·39_23·43_40.sobj 177,1,smallCM...
Computed Jtau for DGLCo_5_11·39_23·43_40.sobj 177 1 smallCM.
Computing DGLCo_5_11·39_23·43_40.sobj 177,1,smallRM...
Computed Jtau for DGLCo_5_11·39_23·43_40.sobj 177 1 smallRM.
Computing DGLCo_5_11·39_23·43_40.sobj 177,1,bigRM...
Skipping DGLCo_5_11·39_23·43_40.sobj 177,1,bigRM...(No bigRM cycle computed for discriminant 177)
Computing DGLCo_5_11·39_23·43_40.sobj 181,1,smallCM...
Skipping DGLCo_5_11·39_23·43_40.sobj 181,1,smallCM...(It seems that there is no optimal embedding of O_c into Gamma_0(2))
Computing DGLCo_5_11·39_23·43_40.sobj 181,1,smallRM...
Skipping DGLCo_5_11·39_23·43_40.sobj 181,1,smallRM...(It seems that there is no optimal embedding of O_c into Gamma_0(2))
Computing DGLCo_5_11·39_23·43_40.sobj 181,1,bigRM...
Skipping DGLCo_5_11·39_23·43_40.sobj 181,1,bigRM...(No bigRM cycle computed for discriminant 181)
Computing DGLCo_5_11·39_23·43_40.sobj 184,1,smallCM...
Skipping DGLCo_5_11·39_23·43_40.sobj 184,1,smallCM...(Tuple (D, alpha) = (184, None) is not admissible for smallCM cycle: the resulting tau is not in Hp.)
Computing DGLCo_5_11·39_23·43_40.sobj 184,1,smallRM...
Skipping DGLCo_5_11·39_23·43_40.sobj 184,1,smallRM...(Tuple (D, alpha) = (184, None) is not admissible for smallRM cycle: the resulting tau is not in Hp.)
Computing DGLCo_5_11·39_23·43_40.sobj 184,1,bigRM...
Skipping DGLCo_5_11·39_23·43_40.sobj 184,1,bigRM...(No bigRM cycle computed for discriminant 184)
Computing DGLCo_5_11·39_23·43_40.sobj 185,1,smallCM...
Skipping DGLCo_5_11·39_23·43_40.sobj 185,1,smallCM...(Not a square)
Computing DGLCo_5_11·39_23·43_40.sobj 185,1,smallRM...
Skipping DGLCo_5_11·39_23·43_40.sobj 185,1,smallRM...(Not a square)
Computing DGLCo_5_11·39_23·43_40.sobj 185,1,bigRM...
Skipping DGLCo_5_11·39_23·43_40.sobj 185,1,bigRM...(No bigRM cycle computed for discriminant 185)
Computing DGLCo_5_11·39_23·43_40.sobj 188,1,smallCM...
Computed Jtau for DGLCo_5_11·39_23·43_40.sobj 188 1 smallCM.
Computing DGLCo_5_11·39_23·43_40.sobj 188,1,smallRM...
Computed Jtau for DGLCo_5_11·39_23·43_40.sobj 188 1 smallRM.
Computing DGLCo_5_11·39_23·43_40.sobj 188,1,bigRM...
Skipping DGLCo_5_11·39_23·43_40.sobj 188,1,bigRM...(No bigRM cycle computed for discriminant 188)
Computing DGLCo_5_11·39_23·43_40.sobj 193,1,smallCM...
Skipping DGLCo_5_11·39_23·43_40.sobj 193,1,smallCM...(cannot divide by something indistinguishable from zero)
Computing DGLCo_5_11·39_23·43_40.sobj 193,1,smallRM...
Computed Jtau for DGLCo_5_11·39_23·43_40.sobj 193 1 smallRM.
Computing DGLCo_5_11·39_23·43_40.sobj 193,1,bigRM...
Skipping DGLCo_5_11·39_23·43_40.sobj 193,1,bigRM...(No bigRM cycle computed for discriminant 193)
Computing DGLCo_5_11·39_23·43_40.sobj 197,1,smallCM...
Skipping DGLCo_5_11·39_23·43_40.sobj 197,1,smallCM...(It seems that there is no optimal embedding of O_c into Gamma_0(2))
Computing DGLCo_5_11·39_23·43_40.sobj 197,1,smallRM...
Skipping DGLCo_5_11·39_23·43_40.sobj 197,1,smallRM...(It seems that there is no optimal embedding of O_c into Gamma_0(2))
Computing DGLCo_5_11·39_23·43_40.sobj 197,1,bigRM...
Skipping DGLCo_5_11·39_23·43_40.sobj 197,1,bigRM...(No bigRM cycle computed for discriminant 197)
Computing DGLCo_5_11·39_23·43_40.sobj 201,1,smallCM...
Skipping DGLCo_5_11·39_23·43_40.sobj 201,1,smallCM...(Tuple (D, alpha) = (201, None) is not admissible for smallCM cycle: the resulting tau is not in Hp.)
Computing DGLCo_5_11·39_23·43_40.sobj 201,1,smallRM...
Skipping DGLCo_5_11·39_23·43_40.sobj 201,1,smallRM...(Tuple (D, alpha) = (201, None) is not admissible for smallRM cycle: the resulting tau is not in Hp.)
Computing DGLCo_5_11·39_23·43_40.sobj 201,1,bigRM...
Skipping DGLCo_5_11·39_23·43_40.sobj 201,1,bigRM...(No bigRM cycle computed for discriminant 201)
Computing DGLCo_5_11·39_23·43_40.sobj 204,1,smallCM...
Skipping DGLCo_5_11·39_23·43_40.sobj 204,1,smallCM...(Tuple (D, alpha) = (204, None) is not admissible for smallCM cycle: the resulting tau is not in Hp.)
Computing DGLCo_5_11·39_23·43_40.sobj 204,1,smallRM...
Skipping DGLCo_5_11·39_23·43_40.sobj 204,1,smallRM...(Tuple (D, alpha) = (204, None) is not admissible for smallRM cycle: the resulting tau is not in Hp.)
Computing DGLCo_5_11·39_23·43_40.sobj 204,1,bigRM...
Skipping DGLCo_5_11·39_23·43_40.sobj 204,1,bigRM...(No bigRM cycle computed for discriminant 204)
Computing DGLCo_5_11·39_23·43_40.sobj 205,1,smallCM...
Skipping DGLCo_5_11·39_23·43_40.sobj 205,1,smallCM...(It seems that there is no optimal embedding of O_c into Gamma_0(2))
Computing DGLCo_5_11·39_23·43_40.sobj 205,1,smallRM...
Skipping DGLCo_5_11·39_23·43_40.sobj 205,1,smallRM...(It seems that there is no optimal embedding of O_c into Gamma_0(2))
Computing DGLCo_5_11·39_23·43_40.sobj 205,1,bigRM...
Skipping DGLCo_5_11·39_23·43_40.sobj 205,1,bigRM...(No bigRM cycle computed for discriminant 205)
Computing DGLCo_5_11·39_23·43_40.sobj 209,1,smallCM...
Skipping DGLCo_5_11·39_23·43_40.sobj 209,1,smallCM...(Tuple (D, alpha) = (209, None) is not admissible for smallCM cycle: the resulting tau is not in Hp.)
Computing DGLCo_5_11·39_23·43_40.sobj 209,1,smallRM...
Skipping DGLCo_5_11·39_23·43_40.sobj 209,1,smallRM...(Tuple (D, alpha) = (209, None) is not admissible for smallRM cycle: the resulting tau is not in Hp.)
Computing DGLCo_5_11·39_23·43_40.sobj 209,1,bigRM...
Skipping DGLCo_5_11·39_23·43_40.sobj 209,1,bigRM...(No bigRM cycle computed for discriminant 209)
Computing DGLCo_5_11·39_23·43_40.sobj 213,1,smallCM...
Skipping DGLCo_5_11·39_23·43_40.sobj 213,1,smallCM...(It seems that there is no optimal embedding of O_c into Gamma_0(2))
Computing DGLCo_5_11·39_23·43_40.sobj 213,1,smallRM...
Skipping DGLCo_5_11·39_23·43_40.sobj 213,1,smallRM...(It seems that there is no optimal embedding of O_c into Gamma_0(2))
Computing DGLCo_5_11·39_23·43_40.sobj 213,1,bigRM...
Skipping DGLCo_5_11·39_23·43_40.sobj 213,1,bigRM...(No bigRM cycle computed for discriminant 213)
Computing DGLCo_5_11·39_23·43_40.sobj 217,1,smallCM...
Skipping DGLCo_5_11·39_23·43_40.sobj 217,1,smallCM...(cannot divide by something indistinguishable from zero)
Computing DGLCo_5_11·39_23·43_40.sobj 217,1,smallRM...
Computed Jtau for DGLCo_5_11·39_23·43_40.sobj 217 1 smallRM.
Computing DGLCo_5_11·39_23·43_40.sobj 217,1,bigRM...
Skipping DGLCo_5_11·39_23·43_40.sobj 217,1,bigRM...(No bigRM cycle computed for discriminant 217)
Computing DGLCo_5_11·39_23·43_40.sobj 220,1,smallCM...
Skipping DGLCo_5_11·39_23·43_40.sobj 220,1,smallCM...(Not a square)
Computing DGLCo_5_11·39_23·43_40.sobj 220,1,smallRM...
Skipping DGLCo_5_11·39_23·43_40.sobj 220,1,smallRM...(Not a square)
Computing DGLCo_5_11·39_23·43_40.sobj 220,1,bigRM...
Skipping DGLCo_5_11·39_23·43_40.sobj 220,1,bigRM...(No bigRM cycle computed for discriminant 220)
Computing DGLCo_5_11·39_23·43_40.sobj 221,1,smallCM...
Skipping DGLCo_5_11·39_23·43_40.sobj 221,1,smallCM...(It seems that there is no optimal embedding of O_c into Gamma_0(2))
Computing DGLCo_5_11·39_23·43_40.sobj 221,1,smallRM...
Skipping DGLCo_5_11·39_23·43_40.sobj 221,1,smallRM...(It seems that there is no optimal embedding of O_c into Gamma_0(2))
Computing DGLCo_5_11·39_23·43_40.sobj 221,1,bigRM...
Skipping DGLCo_5_11·39_23·43_40.sobj 221,1,bigRM...(No bigRM cycle computed for discriminant 221)
Computing DGLCo_5_11·39_23·43_40.sobj 229,1,smallCM...
Skipping DGLCo_5_11·39_23·43_40.sobj 229,1,smallCM...(It seems that there is no optimal embedding of O_c into Gamma_0(2))
Computing DGLCo_5_11·39_23·43_40.sobj 229,1,smallRM...
Skipping DGLCo_5_11·39_23·43_40.sobj 229,1,smallRM...(It seems that there is no optimal embedding of O_c into Gamma_0(2))
Computing DGLCo_5_11·39_23·43_40.sobj 229,1,bigRM...
Skipping DGLCo_5_11·39_23·43_40.sobj 229,1,bigRM...(No bigRM cycle computed for discriminant 229)
Computing DGLCo_5_11·39_23·43_40.sobj 232,1,smallCM...
Computed Jtau for DGLCo_5_11·39_23·43_40.sobj 232 1 smallCM.
Computing DGLCo_5_11·39_23·43_40.sobj 232,1,smallRM...
Computed Jtau for DGLCo_5_11·39_23·43_40.sobj 232 1 smallRM.
Computing DGLCo_5_11·39_23·43_40.sobj 232,1,bigRM...
Skipping DGLCo_5_11·39_23·43_40.sobj 232,1,bigRM...(No bigRM cycle computed for discriminant 232)
Computing DGLCo_5_11·39_23·43_40.sobj 233,1,smallCM...
Skipping DGLCo_5_11·39_23·43_40.sobj 233,1,smallCM...(cannot divide by something indistinguishable from zero)
Computing DGLCo_5_11·39_23·43_40.sobj 233,1,smallRM...
Computed Jtau for DGLCo_5_11·39_23·43_40.sobj 233 1 smallRM.
Computing DGLCo_5_11·39_23·43_40.sobj 233,1,bigRM...
Skipping DGLCo_5_11·39_23·43_40.sobj 233,1,bigRM...(No bigRM cycle computed for discriminant 233)
Computing DGLCo_5_11·39_23·43_40.sobj 236,1,smallCM...
Skipping DGLCo_5_11·39_23·43_40.sobj 236,1,smallCM...(Tuple (D, alpha) = (236, None) is not admissible for smallCM cycle: the resulting tau is not in Hp.)
Computing DGLCo_5_11·39_23·43_40.sobj 236,1,smallRM...
Skipping DGLCo_5_11·39_23·43_40.sobj 236,1,smallRM...(Tuple (D, alpha) = (236, None) is not admissible for smallRM cycle: the resulting tau is not in Hp.)
Computing DGLCo_5_11·39_23·43_40.sobj 236,1,bigRM...
Skipping DGLCo_5_11·39_23·43_40.sobj 236,1,bigRM...(No bigRM cycle computed for discriminant 236)
Computing DGLCo_5_11·39_23·43_40.sobj 237,1,smallCM...
Skipping DGLCo_5_11·39_23·43_40.sobj 237,1,smallCM...(It seems that there is no optimal embedding of O_c into Gamma_0(2))
Computing DGLCo_5_11·39_23·43_40.sobj 237,1,smallRM...
Skipping DGLCo_5_11·39_23·43_40.sobj 237,1,smallRM...(It seems that there is no optimal embedding of O_c into Gamma_0(2))
Computing DGLCo_5_11·39_23·43_40.sobj 237,1,bigRM...
Skipping DGLCo_5_11·39_23·43_40.sobj 237,1,bigRM...(No bigRM cycle computed for discriminant 237)
Computing DGLCo_5_11·39_23·43_40.sobj 241,1,smallCM...
Skipping DGLCo_5_11·39_23·43_40.sobj 241,1,smallCM...(Tuple (D, alpha) = (241, None) is not admissible for smallCM cycle: the resulting tau is not in Hp.)
Computing DGLCo_5_11·39_23·43_40.sobj 241,1,smallRM...
Skipping DGLCo_5_11·39_23·43_40.sobj 241,1,smallRM...(Tuple (D, alpha) = (241, None) is not admissible for smallRM cycle: the resulting tau is not in Hp.)
Computing DGLCo_5_11·39_23·43_40.sobj 241,1,bigRM...
Skipping DGLCo_5_11·39_23·43_40.sobj 241,1,bigRM...(No bigRM cycle computed for discriminant 241)
Computing DGLCo_5_11·39_23·43_40.sobj 248,1,smallCM...
Computed Jtau for DGLCo_5_11·39_23·43_40.sobj 248 1 smallCM.
Computing DGLCo_5_11·39_23·43_40.sobj 248,1,smallRM...
Computed Jtau for DGLCo_5_11·39_23·43_40.sobj 248 1 smallRM.
Computing DGLCo_5_11·39_23·43_40.sobj 248,1,bigRM...
Skipping DGLCo_5_11·39_23·43_40.sobj 248,1,bigRM...(No bigRM cycle computed for discriminant 248)
Computing DGLCo_5_11·39_23·43_40.sobj 249,1,smallCM...
Skipping DGLCo_5_11·39_23·43_40.sobj 249,1,smallCM...(Tuple (D, alpha) = (249, None) is not admissible for smallCM cycle: the resulting tau is not in Hp.)
Computing DGLCo_5_11·39_23·43_40.sobj 249,1,smallRM...
Skipping DGLCo_5_11·39_23·43_40.sobj 249,1,smallRM...(Tuple (D, alpha) = (249, None) is not admissible for smallRM cycle: the resulting tau is not in Hp.)
Computing DGLCo_5_11·39_23·43_40.sobj 249,1,bigRM...
Skipping DGLCo_5_11·39_23·43_40.sobj 249,1,bigRM...(No bigRM cycle computed for discriminant 249)
Computing DGLCo_5_11·39_23·43_40.sobj 253,1,smallCM...
Skipping DGLCo_5_11·39_23·43_40.sobj 253,1,smallCM...(It seems that there is no optimal embedding of O_c into Gamma_0(2))
Computing DGLCo_5_11·39_23·43_40.sobj 253,1,smallRM...
Skipping DGLCo_5_11·39_23·43_40.sobj 253,1,smallRM...(It seems that there is no optimal embedding of O_c into Gamma_0(2))
Computing DGLCo_5_11·39_23·43_40.sobj 253,1,bigRM...
Skipping DGLCo_5_11·39_23·43_40.sobj 253,1,bigRM...(No bigRM cycle computed for discriminant 253)
Computing DGLCo_5_11·39_23·43_40.sobj 257,1,smallCM...
Computed Jtau for DGLCo_5_11·39_23·43_40.sobj 257 1 smallCM.
Computing DGLCo_5_11·39_23·43_40.sobj 257,1,smallRM...
Computed Jtau for DGLCo_5_11·39_23·43_40.sobj 257 1 smallRM.
Computing DGLCo_5_11·39_23·43_40.sobj 257,1,bigRM...
Skipping DGLCo_5_11·39_23·43_40.sobj 257,1,bigRM...(No bigRM cycle computed for discriminant 257)
Computing DGLCo_5_11·39_23·43_40.sobj 264,1,smallCM...
Skipping DGLCo_5_11·39_23·43_40.sobj 264,1,smallCM...(Tuple (D, alpha) = (264, None) is not admissible for smallCM cycle: the resulting tau is not in Hp.)
Computing DGLCo_5_11·39_23·43_40.sobj 264,1,smallRM...
Skipping DGLCo_5_11·39_23·43_40.sobj 264,1,smallRM...(Tuple (D, alpha) = (264, None) is not admissible for smallRM cycle: the resulting tau is not in Hp.)
Computing DGLCo_5_11·39_23·43_40.sobj 264,1,bigRM...
Skipping DGLCo_5_11·39_23·43_40.sobj 264,1,bigRM...(No bigRM cycle computed for discriminant 264)
Computing DGLCo_5_11·39_23·43_40.sobj 265,1,smallCM...
Skipping DGLCo_5_11·39_23·43_40.sobj 265,1,smallCM...(Not a square)
Computing DGLCo_5_11·39_23·43_40.sobj 265,1,smallRM...
Skipping DGLCo_5_11·39_23·43_40.sobj 265,1,smallRM...(Not a square)
Computing DGLCo_5_11·39_23·43_40.sobj 265,1,bigRM...
Skipping DGLCo_5_11·39_23·43_40.sobj 265,1,bigRM...(No bigRM cycle computed for discriminant 265)
Computing DGLCo_5_11·39_23·43_40.sobj 268,1,smallCM...
Computed Jtau for DGLCo_5_11·39_23·43_40.sobj 268 1 smallCM.
Computing DGLCo_5_11·39_23·43_40.sobj 268,1,smallRM...
Computed Jtau for DGLCo_5_11·39_23·43_40.sobj 268 1 smallRM.
Computing DGLCo_5_11·39_23·43_40.sobj 268,1,bigRM...
Skipping DGLCo_5_11·39_23·43_40.sobj 268,1,bigRM...(No bigRM cycle computed for discriminant 268)
Computing DGLCo_5_11·39_23·43_40.sobj 269,1,smallCM...
Skipping DGLCo_5_11·39_23·43_40.sobj 269,1,smallCM...(It seems that there is no optimal embedding of O_c into Gamma_0(2))
Computing DGLCo_5_11·39_23·43_40.sobj 269,1,smallRM...
Skipping DGLCo_5_11·39_23·43_40.sobj 269,1,smallRM...(It seems that there is no optimal embedding of O_c into Gamma_0(2))
Computing DGLCo_5_11·39_23·43_40.sobj 269,1,bigRM...
Skipping DGLCo_5_11·39_23·43_40.sobj 269,1,bigRM...(No bigRM cycle computed for discriminant 269)
Computing DGLCo_5_11·39_23·43_40.sobj 273,1,smallCM...
Skipping DGLCo_5_11·39_23·43_40.sobj 273,1,smallCM...(cannot divide by something indistinguishable from zero)
Computing DGLCo_5_11·39_23·43_40.sobj 273,1,smallRM...
Computed Jtau for DGLCo_5_11·39_23·43_40.sobj 273 1 smallRM.
Computing DGLCo_5_11·39_23·43_40.sobj 273,1,bigRM...
Skipping DGLCo_5_11·39_23·43_40.sobj 273,1,bigRM...(No bigRM cycle computed for discriminant 273)
Computing DGLCo_5_11·39_23·43_40.sobj 277,1,smallCM...
Skipping DGLCo_5_11·39_23·43_40.sobj 277,1,smallCM...(It seems that there is no optimal embedding of O_c into Gamma_0(2))
Computing DGLCo_5_11·39_23·43_40.sobj 277,1,smallRM...
Skipping DGLCo_5_11·39_23·43_40.sobj 277,1,smallRM...(It seems that there is no optimal embedding of O_c into Gamma_0(2))
Computing DGLCo_5_11·39_23·43_40.sobj 277,1,bigRM...
Skipping DGLCo_5_11·39_23·43_40.sobj 277,1,bigRM...(No bigRM cycle computed for discriminant 277)
Computing DGLCo_5_11·39_23·43_40.sobj 280,1,smallCM...
Skipping DGLCo_5_11·39_23·43_40.sobj 280,1,smallCM...(Not a square)
Computing DGLCo_5_11·39_23·43_40.sobj 280,1,smallRM...
Skipping DGLCo_5_11·39_23·43_40.sobj 280,1,smallRM...(Not a square)
Computing DGLCo_5_11·39_23·43_40.sobj 280,1,bigRM...
Skipping DGLCo_5_11·39_23·43_40.sobj 280,1,bigRM...(No bigRM cycle computed for discriminant 280)
Computing DGLCo_5_11·39_23·43_40.sobj 281,1,smallCM...
Skipping DGLCo_5_11·39_23·43_40.sobj 281,1,smallCM...(Tuple (D, alpha) = (281, None) is not admissible for smallCM cycle: the resulting tau is not in Hp.)
Computing DGLCo_5_11·39_23·43_40.sobj 281,1,smallRM...
Skipping DGLCo_5_11·39_23·43_40.sobj 281,1,smallRM...(Tuple (D, alpha) = (281, None) is not admissible for smallRM cycle: the resulting tau is not in Hp.)
Computing DGLCo_5_11·39_23·43_40.sobj 281,1,bigRM...
Skipping DGLCo_5_11·39_23·43_40.sobj 281,1,bigRM...(No bigRM cycle computed for discriminant 281)
Computing DGLCo_5_11·39_23·43_40.sobj 284,1,smallCM...
Skipping DGLCo_5_11·39_23·43_40.sobj 284,1,smallCM...(Tuple (D, alpha) = (284, None) is not admissible for smallCM cycle: the resulting tau is not in Hp.)
Computing DGLCo_5_11·39_23·43_40.sobj 284,1,smallRM...
Skipping DGLCo_5_11·39_23·43_40.sobj 284,1,smallRM...(Tuple (D, alpha) = (284, None) is not admissible for smallRM cycle: the resulting tau is not in Hp.)
Computing DGLCo_5_11·39_23·43_40.sobj 284,1,bigRM...
Skipping DGLCo_5_11·39_23·43_40.sobj 284,1,bigRM...(No bigRM cycle computed for discriminant 284)
Computing DGLCo_5_11·39_23·43_40.sobj 285,1,smallCM...
Skipping DGLCo_5_11·39_23·43_40.sobj 285,1,smallCM...(It seems that there is no optimal embedding of O_c into Gamma_0(2))
Computing DGLCo_5_11·39_23·43_40.sobj 285,1,smallRM...
Skipping DGLCo_5_11·39_23·43_40.sobj 285,1,smallRM...(It seems that there is no optimal embedding of O_c into Gamma_0(2))
Computing DGLCo_5_11·39_23·43_40.sobj 285,1,bigRM...
Skipping DGLCo_5_11·39_23·43_40.sobj 285,1,bigRM...(No bigRM cycle computed for discriminant 285)
Computing DGLCo_5_11·39_23·43_40.sobj 293,1,smallCM...
Skipping DGLCo_5_11·39_23·43_40.sobj 293,1,smallCM...(It seems that there is no optimal embedding of O_c into Gamma_0(2))
Computing DGLCo_5_11·39_23·43_40.sobj 293,1,smallRM...
Skipping DGLCo_5_11·39_23·43_40.sobj 293,1,smallRM...(It seems that there is no optimal embedding of O_c into Gamma_0(2))
Computing DGLCo_5_11·39_23·43_40.sobj 293,1,bigRM...
Skipping DGLCo_5_11·39_23·43_40.sobj 293,1,bigRM...(No bigRM cycle computed for discriminant 293)
Computing DGLCo_5_11·39_23·43_40.sobj 296,1,smallCM...
Skipping DGLCo_5_11·39_23·43_40.sobj 296,1,smallCM...(Tuple (D, alpha) = (296, None) is not admissible for smallCM cycle: the resulting tau is not in Hp.)
Computing DGLCo_5_11·39_23·43_40.sobj 296,1,smallRM...
Skipping DGLCo_5_11·39_23·43_40.sobj 296,1,smallRM...(Tuple (D, alpha) = (296, None) is not admissible for smallRM cycle: the resulting tau is not in Hp.)
Computing DGLCo_5_11·39_23·43_40.sobj 296,1,bigRM...
Skipping DGLCo_5_11·39_23·43_40.sobj 296,1,bigRM...(No bigRM cycle computed for discriminant 296)
